2025-09-11T15:27:23: [31m[Nest] 17660  - [39m11/09/2025, 15:27:23 [31m  ERROR[39m [38;5;3m[ExceptionsHandler] [39mTypeError: Cannot read properties of undefined (reading 'findActiveCategories')
2025-09-11T15:27:23:     at GetCategories.execute [90m(/Users/axel/Desktop/Indoff-Promocional-Original/api/[39msrc/modules/catalog/application/services/GetCategories.ts:12:40[90m)[39m
2025-09-11T15:27:23:     at CatalogController.categories [90m(/Users/axel/Desktop/Indoff-Promocional-Original/api/[39msrc/modules/catalog/presentation/controllers/catalog.controller.ts:27:31[90m)[39m
2025-09-11T15:27:23:     at /Users/axel/Desktop/Indoff-Promocional-Original/node_modules/[4m@nestjs[24m/core/router/router-execution-context.js:38:29
2025-09-11T15:27:23:     at InterceptorsConsumer.intercept (/Users/axel/Desktop/Indoff-Promocional-Original/node_modules/[4m@nestjs[24m/core/interceptors/interceptors-consumer.js:12:20)
2025-09-11T15:27:23:     at /Users/axel/Desktop/Indoff-Promocional-Original/node_modules/[4m@nestjs[24m/core/router/router-execution-context.js:46:60
2025-09-11T15:27:23:     at /Users/axel/Desktop/Indoff-Promocional-Original/node_modules/[4m@nestjs[24m/core/router/router-proxy.js:9:23
2025-09-11T15:27:23:     at Layer.handleRequest (/Users/axel/Desktop/Indoff-Promocional-Original/node_modules/[4mrouter[24m/lib/layer.js:152:17)
2025-09-11T15:27:23:     at next (/Users/axel/Desktop/Indoff-Promocional-Original/node_modules/[4mrouter[24m/lib/route.js:157:13)
2025-09-11T15:27:23:     at Route.dispatch (/Users/axel/Desktop/Indoff-Promocional-Original/node_modules/[4mrouter[24m/lib/route.js:117:3)
2025-09-11T15:27:23:     at handle (/Users/axel/Desktop/Indoff-Promocional-Original/node_modules/[4mrouter[24m/index.js:435:11)
2025-09-11T15:27:23: [31m[Nest] 17660  - [39m11/09/2025, 15:27:23 [31m  ERROR[39m [38;5;3m[ExceptionsHandler] [39mTypeError: Cannot read properties of undefined (reading 'findActiveCategories')
2025-09-11T15:27:23:     at GetCategories.execute [90m(/Users/axel/Desktop/Indoff-Promocional-Original/api/[39msrc/modules/catalog/application/services/GetCategories.ts:12:40[90m)[39m
2025-09-11T15:27:23:     at CatalogController.categories [90m(/Users/axel/Desktop/Indoff-Promocional-Original/api/[39msrc/modules/catalog/presentation/controllers/catalog.controller.ts:27:31[90m)[39m
2025-09-11T15:27:23:     at /Users/axel/Desktop/Indoff-Promocional-Original/node_modules/[4m@nestjs[24m/core/router/router-execution-context.js:38:29
2025-09-11T15:27:23:     at InterceptorsConsumer.intercept (/Users/axel/Desktop/Indoff-Promocional-Original/node_modules/[4m@nestjs[24m/core/interceptors/interceptors-consumer.js:12:20)
2025-09-11T15:27:23:     at /Users/axel/Desktop/Indoff-Promocional-Original/node_modules/[4m@nestjs[24m/core/router/router-execution-context.js:46:60
2025-09-11T15:27:23:     at /Users/axel/Desktop/Indoff-Promocional-Original/node_modules/[4m@nestjs[24m/core/router/router-proxy.js:9:23
2025-09-11T15:27:23:     at Layer.handleRequest (/Users/axel/Desktop/Indoff-Promocional-Original/node_modules/[4mrouter[24m/lib/layer.js:152:17)
2025-09-11T15:27:23:     at next (/Users/axel/Desktop/Indoff-Promocional-Original/node_modules/[4mrouter[24m/lib/route.js:157:13)
2025-09-11T15:27:23:     at Route.dispatch (/Users/axel/Desktop/Indoff-Promocional-Original/node_modules/[4mrouter[24m/lib/route.js:117:3)
2025-09-11T15:27:23:     at handle (/Users/axel/Desktop/Indoff-Promocional-Original/node_modules/[4mrouter[24m/index.js:435:11)
2025-09-11T15:27:23: [31m[Nest] 17660  - [39m11/09/2025, 15:27:23 [31m  ERROR[39m [38;5;3m[ExceptionsHandler] [39mTypeError: Cannot read properties of undefined (reading 'findActiveCategories')
2025-09-11T15:27:23:     at GetCategories.execute [90m(/Users/axel/Desktop/Indoff-Promocional-Original/api/[39msrc/modules/catalog/application/services/GetCategories.ts:12:40[90m)[39m
2025-09-11T15:27:23:     at CatalogController.categories [90m(/Users/axel/Desktop/Indoff-Promocional-Original/api/[39msrc/modules/catalog/presentation/controllers/catalog.controller.ts:27:31[90m)[39m
2025-09-11T15:27:23:     at /Users/axel/Desktop/Indoff-Promocional-Original/node_modules/[4m@nestjs[24m/core/router/router-execution-context.js:38:29
2025-09-11T15:27:23:     at InterceptorsConsumer.intercept (/Users/axel/Desktop/Indoff-Promocional-Original/node_modules/[4m@nestjs[24m/core/interceptors/interceptors-consumer.js:12:20)
2025-09-11T15:27:23:     at /Users/axel/Desktop/Indoff-Promocional-Original/node_modules/[4m@nestjs[24m/core/router/router-execution-context.js:46:60
2025-09-11T15:27:23:     at /Users/axel/Desktop/Indoff-Promocional-Original/node_modules/[4m@nestjs[24m/core/router/router-proxy.js:9:23
2025-09-11T15:27:23:     at Layer.handleRequest (/Users/axel/Desktop/Indoff-Promocional-Original/node_modules/[4mrouter[24m/lib/layer.js:152:17)
2025-09-11T15:27:23:     at next (/Users/axel/Desktop/Indoff-Promocional-Original/node_modules/[4mrouter[24m/lib/route.js:157:13)
2025-09-11T15:27:23:     at Route.dispatch (/Users/axel/Desktop/Indoff-Promocional-Original/node_modules/[4mrouter[24m/lib/route.js:117:3)
2025-09-11T15:27:23:     at handle (/Users/axel/Desktop/Indoff-Promocional-Original/node_modules/[4mrouter[24m/index.js:435:11)
2025-09-11T15:27:24: [31m[Nest] 17660  - [39m11/09/2025, 15:27:23 [31m  ERROR[39m [38;5;3m[ExceptionsHandler] [39mTypeError: Cannot read properties of undefined (reading 'findActiveCategories')
2025-09-11T15:27:24:     at GetCategories.execute [90m(/Users/axel/Desktop/Indoff-Promocional-Original/api/[39msrc/modules/catalog/application/services/GetCategories.ts:12:40[90m)[39m
2025-09-11T15:27:24:     at CatalogController.categories [90m(/Users/axel/Desktop/Indoff-Promocional-Original/api/[39msrc/modules/catalog/presentation/controllers/catalog.controller.ts:27:31[90m)[39m
2025-09-11T15:27:24:     at /Users/axel/Desktop/Indoff-Promocional-Original/node_modules/[4m@nestjs[24m/core/router/router-execution-context.js:38:29
2025-09-11T15:27:24:     at InterceptorsConsumer.intercept (/Users/axel/Desktop/Indoff-Promocional-Original/node_modules/[4m@nestjs[24m/core/interceptors/interceptors-consumer.js:12:20)
2025-09-11T15:27:24:     at /Users/axel/Desktop/Indoff-Promocional-Original/node_modules/[4m@nestjs[24m/core/router/router-execution-context.js:46:60
2025-09-11T15:27:24:     at /Users/axel/Desktop/Indoff-Promocional-Original/node_modules/[4m@nestjs[24m/core/router/router-proxy.js:9:23
2025-09-11T15:27:24:     at Layer.handleRequest (/Users/axel/Desktop/Indoff-Promocional-Original/node_modules/[4mrouter[24m/lib/layer.js:152:17)
2025-09-11T15:27:24:     at next (/Users/axel/Desktop/Indoff-Promocional-Original/node_modules/[4mrouter[24m/lib/route.js:157:13)
2025-09-11T15:27:24:     at Route.dispatch (/Users/axel/Desktop/Indoff-Promocional-Original/node_modules/[4mrouter[24m/lib/route.js:117:3)
2025-09-11T15:27:24:     at handle (/Users/axel/Desktop/Indoff-Promocional-Original/node_modules/[4mrouter[24m/index.js:435:11)
2025-09-11T15:27:24: [31m[Nest] 17660  - [39m11/09/2025, 15:27:24 [31m  ERROR[39m [38;5;3m[ExceptionsHandler] [39mTypeError: Cannot read properties of undefined (reading 'findActiveCategories')
2025-09-11T15:27:24:     at GetCategories.execute [90m(/Users/axel/Desktop/Indoff-Promocional-Original/api/[39msrc/modules/catalog/application/services/GetCategories.ts:12:40[90m)[39m
2025-09-11T15:27:24:     at CatalogController.categories [90m(/Users/axel/Desktop/Indoff-Promocional-Original/api/[39msrc/modules/catalog/presentation/controllers/catalog.controller.ts:27:31[90m)[39m
2025-09-11T15:27:24:     at /Users/axel/Desktop/Indoff-Promocional-Original/node_modules/[4m@nestjs[24m/core/router/router-execution-context.js:38:29
2025-09-11T15:27:24:     at InterceptorsConsumer.intercept (/Users/axel/Desktop/Indoff-Promocional-Original/node_modules/[4m@nestjs[24m/core/interceptors/interceptors-consumer.js:12:20)
2025-09-11T15:27:24:     at /Users/axel/Desktop/Indoff-Promocional-Original/node_modules/[4m@nestjs[24m/core/router/router-execution-context.js:46:60
2025-09-11T15:27:24:     at /Users/axel/Desktop/Indoff-Promocional-Original/node_modules/[4m@nestjs[24m/core/router/router-proxy.js:9:23
2025-09-11T15:27:24:     at Layer.handleRequest (/Users/axel/Desktop/Indoff-Promocional-Original/node_modules/[4mrouter[24m/lib/layer.js:152:17)
2025-09-11T15:27:24:     at next (/Users/axel/Desktop/Indoff-Promocional-Original/node_modules/[4mrouter[24m/lib/route.js:157:13)
2025-09-11T15:27:24:     at Route.dispatch (/Users/axel/Desktop/Indoff-Promocional-Original/node_modules/[4mrouter[24m/lib/route.js:117:3)
2025-09-11T15:27:24:     at handle (/Users/axel/Desktop/Indoff-Promocional-Original/node_modules/[4mrouter[24m/index.js:435:11)
2025-09-11T15:27:24: [31m[Nest] 17660  - [39m11/09/2025, 15:27:24 [31m  ERROR[39m [38;5;3m[ExceptionsHandler] [39mTypeError: Cannot read properties of undefined (reading 'findActiveCategories')
2025-09-11T15:27:24:     at GetCategories.execute [90m(/Users/axel/Desktop/Indoff-Promocional-Original/api/[39msrc/modules/catalog/application/services/GetCategories.ts:12:40[90m)[39m
2025-09-11T15:27:24:     at CatalogController.categories [90m(/Users/axel/Desktop/Indoff-Promocional-Original/api/[39msrc/modules/catalog/presentation/controllers/catalog.controller.ts:27:31[90m)[39m
2025-09-11T15:27:24:     at /Users/axel/Desktop/Indoff-Promocional-Original/node_modules/[4m@nestjs[24m/core/router/router-execution-context.js:38:29
2025-09-11T15:27:24:     at InterceptorsConsumer.intercept (/Users/axel/Desktop/Indoff-Promocional-Original/node_modules/[4m@nestjs[24m/core/interceptors/interceptors-consumer.js:12:20)
2025-09-11T15:27:24:     at /Users/axel/Desktop/Indoff-Promocional-Original/node_modules/[4m@nestjs[24m/core/router/router-execution-context.js:46:60
2025-09-11T15:27:24:     at /Users/axel/Desktop/Indoff-Promocional-Original/node_modules/[4m@nestjs[24m/core/router/router-proxy.js:9:23
2025-09-11T15:27:24:     at Layer.handleRequest (/Users/axel/Desktop/Indoff-Promocional-Original/node_modules/[4mrouter[24m/lib/layer.js:152:17)
2025-09-11T15:27:24:     at next (/Users/axel/Desktop/Indoff-Promocional-Original/node_modules/[4mrouter[24m/lib/route.js:157:13)
2025-09-11T15:27:24:     at Route.dispatch (/Users/axel/Desktop/Indoff-Promocional-Original/node_modules/[4mrouter[24m/lib/route.js:117:3)
2025-09-11T15:27:24:     at handle (/Users/axel/Desktop/Indoff-Promocional-Original/node_modules/[4mrouter[24m/index.js:435:11)
2025-09-11T15:27:29: [31m[Nest] 17660  - [39m11/09/2025, 15:27:29 [31m  ERROR[39m [38;5;3m[ExceptionsHandler] [39mTypeError: Cannot read properties of undefined (reading 'findActiveCategories')
2025-09-11T15:27:29:     at GetCategories.execute [90m(/Users/axel/Desktop/Indoff-Promocional-Original/api/[39msrc/modules/catalog/application/services/GetCategories.ts:12:40[90m)[39m
2025-09-11T15:27:29:     at CatalogController.categories [90m(/Users/axel/Desktop/Indoff-Promocional-Original/api/[39msrc/modules/catalog/presentation/controllers/catalog.controller.ts:27:31[90m)[39m
2025-09-11T15:27:29:     at /Users/axel/Desktop/Indoff-Promocional-Original/node_modules/[4m@nestjs[24m/core/router/router-execution-context.js:38:29
2025-09-11T15:27:29:     at InterceptorsConsumer.intercept (/Users/axel/Desktop/Indoff-Promocional-Original/node_modules/[4m@nestjs[24m/core/interceptors/interceptors-consumer.js:12:20)
2025-09-11T15:27:29:     at /Users/axel/Desktop/Indoff-Promocional-Original/node_modules/[4m@nestjs[24m/core/router/router-execution-context.js:46:60
2025-09-11T15:27:29:     at /Users/axel/Desktop/Indoff-Promocional-Original/node_modules/[4m@nestjs[24m/core/router/router-proxy.js:9:23
2025-09-11T15:27:29:     at Layer.handleRequest (/Users/axel/Desktop/Indoff-Promocional-Original/node_modules/[4mrouter[24m/lib/layer.js:152:17)
2025-09-11T15:27:29:     at next (/Users/axel/Desktop/Indoff-Promocional-Original/node_modules/[4mrouter[24m/lib/route.js:157:13)
2025-09-11T15:27:29:     at Route.dispatch (/Users/axel/Desktop/Indoff-Promocional-Original/node_modules/[4mrouter[24m/lib/route.js:117:3)
2025-09-11T15:27:29:     at handle (/Users/axel/Desktop/Indoff-Promocional-Original/node_modules/[4mrouter[24m/index.js:435:11)
2025-09-11T15:27:29: [31m[Nest] 17660  - [39m11/09/2025, 15:27:29 [31m  ERROR[39m [38;5;3m[ExceptionsHandler] [39mTypeError: Cannot read properties of undefined (reading 'findActiveCategories')
2025-09-11T15:27:29:     at GetCategories.execute [90m(/Users/axel/Desktop/Indoff-Promocional-Original/api/[39msrc/modules/catalog/application/services/GetCategories.ts:12:40[90m)[39m
2025-09-11T15:27:29:     at CatalogController.categories [90m(/Users/axel/Desktop/Indoff-Promocional-Original/api/[39msrc/modules/catalog/presentation/controllers/catalog.controller.ts:27:31[90m)[39m
2025-09-11T15:27:29:     at /Users/axel/Desktop/Indoff-Promocional-Original/node_modules/[4m@nestjs[24m/core/router/router-execution-context.js:38:29
2025-09-11T15:27:29:     at InterceptorsConsumer.intercept (/Users/axel/Desktop/Indoff-Promocional-Original/node_modules/[4m@nestjs[24m/core/interceptors/interceptors-consumer.js:12:20)
2025-09-11T15:27:29:     at /Users/axel/Desktop/Indoff-Promocional-Original/node_modules/[4m@nestjs[24m/core/router/router-execution-context.js:46:60
2025-09-11T15:27:29:     at /Users/axel/Desktop/Indoff-Promocional-Original/node_modules/[4m@nestjs[24m/core/router/router-proxy.js:9:23
2025-09-11T15:27:29:     at Layer.handleRequest (/Users/axel/Desktop/Indoff-Promocional-Original/node_modules/[4mrouter[24m/lib/layer.js:152:17)
2025-09-11T15:27:29:     at next (/Users/axel/Desktop/Indoff-Promocional-Original/node_modules/[4mrouter[24m/lib/route.js:157:13)
2025-09-11T15:27:29:     at Route.dispatch (/Users/axel/Desktop/Indoff-Promocional-Original/node_modules/[4mrouter[24m/lib/route.js:117:3)
2025-09-11T15:27:29:     at handle (/Users/axel/Desktop/Indoff-Promocional-Original/node_modules/[4mrouter[24m/index.js:435:11)
2025-09-11T15:27:30: [31m[Nest] 17660  - [39m11/09/2025, 15:27:30 [31m  ERROR[39m [38;5;3m[ExceptionsHandler] [39mTypeError: Cannot read properties of undefined (reading 'findActiveCategories')
2025-09-11T15:27:30:     at GetCategories.execute [90m(/Users/axel/Desktop/Indoff-Promocional-Original/api/[39msrc/modules/catalog/application/services/GetCategories.ts:12:40[90m)[39m
2025-09-11T15:27:30:     at CatalogController.categories [90m(/Users/axel/Desktop/Indoff-Promocional-Original/api/[39msrc/modules/catalog/presentation/controllers/catalog.controller.ts:27:31[90m)[39m
2025-09-11T15:27:30:     at /Users/axel/Desktop/Indoff-Promocional-Original/node_modules/[4m@nestjs[24m/core/router/router-execution-context.js:38:29
2025-09-11T15:27:30:     at InterceptorsConsumer.intercept (/Users/axel/Desktop/Indoff-Promocional-Original/node_modules/[4m@nestjs[24m/core/interceptors/interceptors-consumer.js:12:20)
2025-09-11T15:27:30:     at /Users/axel/Desktop/Indoff-Promocional-Original/node_modules/[4m@nestjs[24m/core/router/router-execution-context.js:46:60
2025-09-11T15:27:30:     at /Users/axel/Desktop/Indoff-Promocional-Original/node_modules/[4m@nestjs[24m/core/router/router-proxy.js:9:23
2025-09-11T15:27:30:     at Layer.handleRequest (/Users/axel/Desktop/Indoff-Promocional-Original/node_modules/[4mrouter[24m/lib/layer.js:152:17)
2025-09-11T15:27:30:     at next (/Users/axel/Desktop/Indoff-Promocional-Original/node_modules/[4mrouter[24m/lib/route.js:157:13)
2025-09-11T15:27:30:     at Route.dispatch (/Users/axel/Desktop/Indoff-Promocional-Original/node_modules/[4mrouter[24m/lib/route.js:117:3)
2025-09-11T15:27:30:     at handle (/Users/axel/Desktop/Indoff-Promocional-Original/node_modules/[4mrouter[24m/index.js:435:11)
2025-09-11T15:27:30: [31m[Nest] 17660  - [39m11/09/2025, 15:27:30 [31m  ERROR[39m [38;5;3m[ExceptionsHandler] [39mTypeError: Cannot read properties of undefined (reading 'findActiveCategories')
2025-09-11T15:27:30:     at GetCategories.execute [90m(/Users/axel/Desktop/Indoff-Promocional-Original/api/[39msrc/modules/catalog/application/services/GetCategories.ts:12:40[90m)[39m
2025-09-11T15:27:30:     at CatalogController.categories [90m(/Users/axel/Desktop/Indoff-Promocional-Original/api/[39msrc/modules/catalog/presentation/controllers/catalog.controller.ts:27:31[90m)[39m
2025-09-11T15:27:30:     at /Users/axel/Desktop/Indoff-Promocional-Original/node_modules/[4m@nestjs[24m/core/router/router-execution-context.js:38:29
2025-09-11T15:27:30:     at InterceptorsConsumer.intercept (/Users/axel/Desktop/Indoff-Promocional-Original/node_modules/[4m@nestjs[24m/core/interceptors/interceptors-consumer.js:12:20)
2025-09-11T15:27:30:     at /Users/axel/Desktop/Indoff-Promocional-Original/node_modules/[4m@nestjs[24m/core/router/router-execution-context.js:46:60
2025-09-11T15:27:30:     at /Users/axel/Desktop/Indoff-Promocional-Original/node_modules/[4m@nestjs[24m/core/router/router-proxy.js:9:23
2025-09-11T15:27:30:     at Layer.handleRequest (/Users/axel/Desktop/Indoff-Promocional-Original/node_modules/[4mrouter[24m/lib/layer.js:152:17)
2025-09-11T15:27:30:     at next (/Users/axel/Desktop/Indoff-Promocional-Original/node_modules/[4mrouter[24m/lib/route.js:157:13)
2025-09-11T15:27:30:     at Route.dispatch (/Users/axel/Desktop/Indoff-Promocional-Original/node_modules/[4mrouter[24m/lib/route.js:117:3)
2025-09-11T15:27:30:     at handle (/Users/axel/Desktop/Indoff-Promocional-Original/node_modules/[4mrouter[24m/index.js:435:11)
2025-09-11T15:27:30: [31m[Nest] 17660  - [39m11/09/2025, 15:27:30 [31m  ERROR[39m [38;5;3m[ExceptionsHandler] [39mTypeError: Cannot read properties of undefined (reading 'findActiveCategories')
2025-09-11T15:27:30:     at GetCategories.execute [90m(/Users/axel/Desktop/Indoff-Promocional-Original/api/[39msrc/modules/catalog/application/services/GetCategories.ts:12:40[90m)[39m
2025-09-11T15:27:30:     at CatalogController.categories [90m(/Users/axel/Desktop/Indoff-Promocional-Original/api/[39msrc/modules/catalog/presentation/controllers/catalog.controller.ts:27:31[90m)[39m
2025-09-11T15:27:30:     at /Users/axel/Desktop/Indoff-Promocional-Original/node_modules/[4m@nestjs[24m/core/router/router-execution-context.js:38:29
2025-09-11T15:27:30:     at InterceptorsConsumer.intercept (/Users/axel/Desktop/Indoff-Promocional-Original/node_modules/[4m@nestjs[24m/core/interceptors/interceptors-consumer.js:12:20)
2025-09-11T15:27:30:     at /Users/axel/Desktop/Indoff-Promocional-Original/node_modules/[4m@nestjs[24m/core/router/router-execution-context.js:46:60
2025-09-11T15:27:30:     at /Users/axel/Desktop/Indoff-Promocional-Original/node_modules/[4m@nestjs[24m/core/router/router-proxy.js:9:23
2025-09-11T15:27:30:     at Layer.handleRequest (/Users/axel/Desktop/Indoff-Promocional-Original/node_modules/[4mrouter[24m/lib/layer.js:152:17)
2025-09-11T15:27:30:     at next (/Users/axel/Desktop/Indoff-Promocional-Original/node_modules/[4mrouter[24m/lib/route.js:157:13)
2025-09-11T15:27:30:     at Route.dispatch (/Users/axel/Desktop/Indoff-Promocional-Original/node_modules/[4mrouter[24m/lib/route.js:117:3)
2025-09-11T15:27:30:     at handle (/Users/axel/Desktop/Indoff-Promocional-Original/node_modules/[4mrouter[24m/index.js:435:11)
2025-09-11T15:27:30: [31m[Nest] 17660  - [39m11/09/2025, 15:27:30 [31m  ERROR[39m [38;5;3m[ExceptionsHandler] [39mTypeError: Cannot read properties of undefined (reading 'findActiveCategories')
2025-09-11T15:27:30:     at GetCategories.execute [90m(/Users/axel/Desktop/Indoff-Promocional-Original/api/[39msrc/modules/catalog/application/services/GetCategories.ts:12:40[90m)[39m
2025-09-11T15:27:30:     at CatalogController.categories [90m(/Users/axel/Desktop/Indoff-Promocional-Original/api/[39msrc/modules/catalog/presentation/controllers/catalog.controller.ts:27:31[90m)[39m
2025-09-11T15:27:30:     at /Users/axel/Desktop/Indoff-Promocional-Original/node_modules/[4m@nestjs[24m/core/router/router-execution-context.js:38:29
2025-09-11T15:27:30:     at InterceptorsConsumer.intercept (/Users/axel/Desktop/Indoff-Promocional-Original/node_modules/[4m@nestjs[24m/core/interceptors/interceptors-consumer.js:12:20)
2025-09-11T15:27:30:     at /Users/axel/Desktop/Indoff-Promocional-Original/node_modules/[4m@nestjs[24m/core/router/router-execution-context.js:46:60
2025-09-11T15:27:30:     at /Users/axel/Desktop/Indoff-Promocional-Original/node_modules/[4m@nestjs[24m/core/router/router-proxy.js:9:23
2025-09-11T15:27:30:     at Layer.handleRequest (/Users/axel/Desktop/Indoff-Promocional-Original/node_modules/[4mrouter[24m/lib/layer.js:152:17)
2025-09-11T15:27:30:     at next (/Users/axel/Desktop/Indoff-Promocional-Original/node_modules/[4mrouter[24m/lib/route.js:157:13)
2025-09-11T15:27:30:     at Route.dispatch (/Users/axel/Desktop/Indoff-Promocional-Original/node_modules/[4mrouter[24m/lib/route.js:117:3)
2025-09-11T15:27:30:     at handle (/Users/axel/Desktop/Indoff-Promocional-Original/node_modules/[4mrouter[24m/index.js:435:11)
2025-09-11T15:45:41: [31m[Nest] 17823  - [39m11/09/2025, 15:45:41 [31m  ERROR[39m [38;5;3m[ExceptionsHandler] [39mTypeError: Cannot read properties of undefined (reading 'findActiveCategories')
2025-09-11T15:45:41:     at GetCategories.execute [90m(/Users/axel/Desktop/Indoff-Promocional-Original/api/[39msrc/modules/catalog/application/services/GetCategories.ts:12:40[90m)[39m
2025-09-11T15:45:41:     at CatalogController.categories [90m(/Users/axel/Desktop/Indoff-Promocional-Original/api/[39msrc/modules/catalog/presentation/controllers/catalog.controller.ts:27:31[90m)[39m
2025-09-11T15:45:41:     at /Users/axel/Desktop/Indoff-Promocional-Original/node_modules/[4m@nestjs[24m/core/router/router-execution-context.js:38:29
2025-09-11T15:45:41:     at InterceptorsConsumer.intercept (/Users/axel/Desktop/Indoff-Promocional-Original/node_modules/[4m@nestjs[24m/core/interceptors/interceptors-consumer.js:12:20)
2025-09-11T15:45:41:     at /Users/axel/Desktop/Indoff-Promocional-Original/node_modules/[4m@nestjs[24m/core/router/router-execution-context.js:46:60
2025-09-11T15:45:41:     at /Users/axel/Desktop/Indoff-Promocional-Original/node_modules/[4m@nestjs[24m/core/router/router-proxy.js:9:23
2025-09-11T15:45:41:     at Layer.handleRequest (/Users/axel/Desktop/Indoff-Promocional-Original/node_modules/[4mrouter[24m/lib/layer.js:152:17)
2025-09-11T15:45:41:     at next (/Users/axel/Desktop/Indoff-Promocional-Original/node_modules/[4mrouter[24m/lib/route.js:157:13)
2025-09-11T15:45:41:     at Route.dispatch (/Users/axel/Desktop/Indoff-Promocional-Original/node_modules/[4mrouter[24m/lib/route.js:117:3)
2025-09-11T15:45:41:     at handle (/Users/axel/Desktop/Indoff-Promocional-Original/node_modules/[4mrouter[24m/index.js:435:11)
2025-09-11T15:49:03: [31m[Nest] 19394  - [39m11/09/2025, 15:49:03 [31m  ERROR[39m [38;5;3m[ExceptionsHandler] [39mTypeError: Cannot read properties of undefined (reading 'findActiveCategories')
2025-09-11T15:49:03:     at GetCategories.execute [90m(/Users/axel/Desktop/Indoff-Promocional-Original/api/[39msrc/modules/catalog/application/services/GetCategories.ts:12:40[90m)[39m
2025-09-11T15:49:03:     at CatalogController.categories [90m(/Users/axel/Desktop/Indoff-Promocional-Original/api/[39msrc/modules/catalog/presentation/controllers/catalog.controller.ts:27:31[90m)[39m
2025-09-11T15:49:03:     at /Users/axel/Desktop/Indoff-Promocional-Original/node_modules/[4m@nestjs[24m/core/router/router-execution-context.js:38:29
2025-09-11T15:49:03:     at InterceptorsConsumer.intercept (/Users/axel/Desktop/Indoff-Promocional-Original/node_modules/[4m@nestjs[24m/core/interceptors/interceptors-consumer.js:12:20)
2025-09-11T15:49:03:     at /Users/axel/Desktop/Indoff-Promocional-Original/node_modules/[4m@nestjs[24m/core/router/router-execution-context.js:46:60
2025-09-11T15:49:03:     at /Users/axel/Desktop/Indoff-Promocional-Original/node_modules/[4m@nestjs[24m/core/router/router-proxy.js:9:23
2025-09-11T15:49:03:     at Layer.handleRequest (/Users/axel/Desktop/Indoff-Promocional-Original/node_modules/[4mrouter[24m/lib/layer.js:152:17)
2025-09-11T15:49:03:     at next (/Users/axel/Desktop/Indoff-Promocional-Original/node_modules/[4mrouter[24m/lib/route.js:157:13)
2025-09-11T15:49:03:     at Route.dispatch (/Users/axel/Desktop/Indoff-Promocional-Original/node_modules/[4mrouter[24m/lib/route.js:117:3)
2025-09-11T15:49:03:     at handle (/Users/axel/Desktop/Indoff-Promocional-Original/node_modules/[4mrouter[24m/index.js:435:11)
2025-09-11T15:50:41: [31m[Nest] 20040  - [39m11/09/2025, 15:50:41 [31m  ERROR[39m [38;5;3m[ExceptionsHandler] [39mTypeError: Cannot read properties of undefined (reading 'findActiveCategories')
2025-09-11T15:50:41:     at GetCategories.execute [90m(/Users/axel/Desktop/Indoff-Promocional-Original/api/[39msrc/modules/catalog/application/services/GetCategories.ts:12:40[90m)[39m
2025-09-11T15:50:41:     at CatalogController.categories [90m(/Users/axel/Desktop/Indoff-Promocional-Original/api/[39msrc/modules/catalog/presentation/controllers/catalog.controller.ts:27:31[90m)[39m
2025-09-11T15:50:41:     at /Users/axel/Desktop/Indoff-Promocional-Original/node_modules/[4m@nestjs[24m/core/router/router-execution-context.js:38:29
2025-09-11T15:50:41:     at InterceptorsConsumer.intercept (/Users/axel/Desktop/Indoff-Promocional-Original/node_modules/[4m@nestjs[24m/core/interceptors/interceptors-consumer.js:12:20)
2025-09-11T15:50:41:     at /Users/axel/Desktop/Indoff-Promocional-Original/node_modules/[4m@nestjs[24m/core/router/router-execution-context.js:46:60
2025-09-11T15:50:41:     at /Users/axel/Desktop/Indoff-Promocional-Original/node_modules/[4m@nestjs[24m/core/router/router-proxy.js:9:23
2025-09-11T15:50:41:     at Layer.handleRequest (/Users/axel/Desktop/Indoff-Promocional-Original/node_modules/[4mrouter[24m/lib/layer.js:152:17)
2025-09-11T15:50:41:     at next (/Users/axel/Desktop/Indoff-Promocional-Original/node_modules/[4mrouter[24m/lib/route.js:157:13)
2025-09-11T15:50:41:     at Route.dispatch (/Users/axel/Desktop/Indoff-Promocional-Original/node_modules/[4mrouter[24m/lib/route.js:117:3)
2025-09-11T15:50:41:     at handle (/Users/axel/Desktop/Indoff-Promocional-Original/node_modules/[4mrouter[24m/index.js:435:11)
2025-09-11T15:50:41: [31m[Nest] 20040  - [39m11/09/2025, 15:50:41 [31m  ERROR[39m [38;5;3m[ExceptionsHandler] [39mTypeError: Cannot read properties of undefined (reading 'findActiveCategories')
2025-09-11T15:50:41:     at GetCategories.execute [90m(/Users/axel/Desktop/Indoff-Promocional-Original/api/[39msrc/modules/catalog/application/services/GetCategories.ts:12:40[90m)[39m
2025-09-11T15:50:41:     at CatalogController.categories [90m(/Users/axel/Desktop/Indoff-Promocional-Original/api/[39msrc/modules/catalog/presentation/controllers/catalog.controller.ts:27:31[90m)[39m
2025-09-11T15:50:41:     at /Users/axel/Desktop/Indoff-Promocional-Original/node_modules/[4m@nestjs[24m/core/router/router-execution-context.js:38:29
2025-09-11T15:50:41:     at InterceptorsConsumer.intercept (/Users/axel/Desktop/Indoff-Promocional-Original/node_modules/[4m@nestjs[24m/core/interceptors/interceptors-consumer.js:12:20)
2025-09-11T15:50:41:     at /Users/axel/Desktop/Indoff-Promocional-Original/node_modules/[4m@nestjs[24m/core/router/router-execution-context.js:46:60
2025-09-11T15:50:41:     at /Users/axel/Desktop/Indoff-Promocional-Original/node_modules/[4m@nestjs[24m/core/router/router-proxy.js:9:23
2025-09-11T15:50:41:     at Layer.handleRequest (/Users/axel/Desktop/Indoff-Promocional-Original/node_modules/[4mrouter[24m/lib/layer.js:152:17)
2025-09-11T15:50:41:     at next (/Users/axel/Desktop/Indoff-Promocional-Original/node_modules/[4mrouter[24m/lib/route.js:157:13)
2025-09-11T15:50:41:     at Route.dispatch (/Users/axel/Desktop/Indoff-Promocional-Original/node_modules/[4mrouter[24m/lib/route.js:117:3)
2025-09-11T15:50:41:     at handle (/Users/axel/Desktop/Indoff-Promocional-Original/node_modules/[4mrouter[24m/index.js:435:11)
2025-09-11T15:50:41: [31m[Nest] 20040  - [39m11/09/2025, 15:50:41 [31m  ERROR[39m [38;5;3m[ExceptionsHandler] [39mTypeError: Cannot read properties of undefined (reading 'findActiveCategories')
2025-09-11T15:50:41:     at GetCategories.execute [90m(/Users/axel/Desktop/Indoff-Promocional-Original/api/[39msrc/modules/catalog/application/services/GetCategories.ts:12:40[90m)[39m
2025-09-11T15:50:41:     at CatalogController.categories [90m(/Users/axel/Desktop/Indoff-Promocional-Original/api/[39msrc/modules/catalog/presentation/controllers/catalog.controller.ts:27:31[90m)[39m
2025-09-11T15:50:41:     at /Users/axel/Desktop/Indoff-Promocional-Original/node_modules/[4m@nestjs[24m/core/router/router-execution-context.js:38:29
2025-09-11T15:50:41:     at InterceptorsConsumer.intercept (/Users/axel/Desktop/Indoff-Promocional-Original/node_modules/[4m@nestjs[24m/core/interceptors/interceptors-consumer.js:12:20)
2025-09-11T15:50:41:     at /Users/axel/Desktop/Indoff-Promocional-Original/node_modules/[4m@nestjs[24m/core/router/router-execution-context.js:46:60
2025-09-11T15:50:41:     at /Users/axel/Desktop/Indoff-Promocional-Original/node_modules/[4m@nestjs[24m/core/router/router-proxy.js:9:23
2025-09-11T15:50:41:     at Layer.handleRequest (/Users/axel/Desktop/Indoff-Promocional-Original/node_modules/[4mrouter[24m/lib/layer.js:152:17)
2025-09-11T15:50:41:     at next (/Users/axel/Desktop/Indoff-Promocional-Original/node_modules/[4mrouter[24m/lib/route.js:157:13)
2025-09-11T15:50:41:     at Route.dispatch (/Users/axel/Desktop/Indoff-Promocional-Original/node_modules/[4mrouter[24m/lib/route.js:117:3)
2025-09-11T15:50:41:     at handle (/Users/axel/Desktop/Indoff-Promocional-Original/node_modules/[4mrouter[24m/index.js:435:11)
2025-09-11T15:50:41: [31m[Nest] 20040  - [39m11/09/2025, 15:50:41 [31m  ERROR[39m [38;5;3m[ExceptionsHandler] [39mTypeError: Cannot read properties of undefined (reading 'findActiveCategories')
2025-09-11T15:50:41:     at GetCategories.execute [90m(/Users/axel/Desktop/Indoff-Promocional-Original/api/[39msrc/modules/catalog/application/services/GetCategories.ts:12:40[90m)[39m
2025-09-11T15:50:41:     at CatalogController.categories [90m(/Users/axel/Desktop/Indoff-Promocional-Original/api/[39msrc/modules/catalog/presentation/controllers/catalog.controller.ts:27:31[90m)[39m
2025-09-11T15:50:41:     at /Users/axel/Desktop/Indoff-Promocional-Original/node_modules/[4m@nestjs[24m/core/router/router-execution-context.js:38:29
2025-09-11T15:50:41:     at InterceptorsConsumer.intercept (/Users/axel/Desktop/Indoff-Promocional-Original/node_modules/[4m@nestjs[24m/core/interceptors/interceptors-consumer.js:12:20)
2025-09-11T15:50:41:     at /Users/axel/Desktop/Indoff-Promocional-Original/node_modules/[4m@nestjs[24m/core/router/router-execution-context.js:46:60
2025-09-11T15:50:41:     at /Users/axel/Desktop/Indoff-Promocional-Original/node_modules/[4m@nestjs[24m/core/router/router-proxy.js:9:23
2025-09-11T15:50:41:     at Layer.handleRequest (/Users/axel/Desktop/Indoff-Promocional-Original/node_modules/[4mrouter[24m/lib/layer.js:152:17)
2025-09-11T15:50:41:     at next (/Users/axel/Desktop/Indoff-Promocional-Original/node_modules/[4mrouter[24m/lib/route.js:157:13)
2025-09-11T15:50:41:     at Route.dispatch (/Users/axel/Desktop/Indoff-Promocional-Original/node_modules/[4mrouter[24m/lib/route.js:117:3)
2025-09-11T15:50:41:     at handle (/Users/axel/Desktop/Indoff-Promocional-Original/node_modules/[4mrouter[24m/index.js:435:11)
2025-09-11T15:50:42: [31m[Nest] 20040  - [39m11/09/2025, 15:50:42 [31m  ERROR[39m [38;5;3m[ExceptionsHandler] [39mTypeError: Cannot read properties of undefined (reading 'findActiveCategories')
2025-09-11T15:50:42:     at GetCategories.execute [90m(/Users/axel/Desktop/Indoff-Promocional-Original/api/[39msrc/modules/catalog/application/services/GetCategories.ts:12:40[90m)[39m
2025-09-11T15:50:42:     at CatalogController.categories [90m(/Users/axel/Desktop/Indoff-Promocional-Original/api/[39msrc/modules/catalog/presentation/controllers/catalog.controller.ts:27:31[90m)[39m
2025-09-11T15:50:42:     at /Users/axel/Desktop/Indoff-Promocional-Original/node_modules/[4m@nestjs[24m/core/router/router-execution-context.js:38:29
2025-09-11T15:50:42:     at InterceptorsConsumer.intercept (/Users/axel/Desktop/Indoff-Promocional-Original/node_modules/[4m@nestjs[24m/core/interceptors/interceptors-consumer.js:12:20)
2025-09-11T15:50:42:     at /Users/axel/Desktop/Indoff-Promocional-Original/node_modules/[4m@nestjs[24m/core/router/router-execution-context.js:46:60
2025-09-11T15:50:42:     at /Users/axel/Desktop/Indoff-Promocional-Original/node_modules/[4m@nestjs[24m/core/router/router-proxy.js:9:23
2025-09-11T15:50:42:     at Layer.handleRequest (/Users/axel/Desktop/Indoff-Promocional-Original/node_modules/[4mrouter[24m/lib/layer.js:152:17)
2025-09-11T15:50:42:     at next (/Users/axel/Desktop/Indoff-Promocional-Original/node_modules/[4mrouter[24m/lib/route.js:157:13)
2025-09-11T15:50:42:     at Route.dispatch (/Users/axel/Desktop/Indoff-Promocional-Original/node_modules/[4mrouter[24m/lib/route.js:117:3)
2025-09-11T15:50:42:     at handle (/Users/axel/Desktop/Indoff-Promocional-Original/node_modules/[4mrouter[24m/index.js:435:11)
2025-09-11T15:50:42: [31m[Nest] 20040  - [39m11/09/2025, 15:50:42 [31m  ERROR[39m [38;5;3m[ExceptionsHandler] [39mTypeError: Cannot read properties of undefined (reading 'findActiveCategories')
2025-09-11T15:50:42:     at GetCategories.execute [90m(/Users/axel/Desktop/Indoff-Promocional-Original/api/[39msrc/modules/catalog/application/services/GetCategories.ts:12:40[90m)[39m
2025-09-11T15:50:42:     at CatalogController.categories [90m(/Users/axel/Desktop/Indoff-Promocional-Original/api/[39msrc/modules/catalog/presentation/controllers/catalog.controller.ts:27:31[90m)[39m
2025-09-11T15:50:42:     at /Users/axel/Desktop/Indoff-Promocional-Original/node_modules/[4m@nestjs[24m/core/router/router-execution-context.js:38:29
2025-09-11T15:50:42:     at InterceptorsConsumer.intercept (/Users/axel/Desktop/Indoff-Promocional-Original/node_modules/[4m@nestjs[24m/core/interceptors/interceptors-consumer.js:12:20)
2025-09-11T15:50:42:     at /Users/axel/Desktop/Indoff-Promocional-Original/node_modules/[4m@nestjs[24m/core/router/router-execution-context.js:46:60
2025-09-11T15:50:42:     at /Users/axel/Desktop/Indoff-Promocional-Original/node_modules/[4m@nestjs[24m/core/router/router-proxy.js:9:23
2025-09-11T15:50:42:     at Layer.handleRequest (/Users/axel/Desktop/Indoff-Promocional-Original/node_modules/[4mrouter[24m/lib/layer.js:152:17)
2025-09-11T15:50:42:     at next (/Users/axel/Desktop/Indoff-Promocional-Original/node_modules/[4mrouter[24m/lib/route.js:157:13)
2025-09-11T15:50:42:     at Route.dispatch (/Users/axel/Desktop/Indoff-Promocional-Original/node_modules/[4mrouter[24m/lib/route.js:117:3)
2025-09-11T15:50:42:     at handle (/Users/axel/Desktop/Indoff-Promocional-Original/node_modules/[4mrouter[24m/index.js:435:11)
2025-09-11T15:51:04: [31m[Nest] 20040  - [39m11/09/2025, 15:51:04 [31m  ERROR[39m [38;5;3m[ExceptionsHandler] [39mTypeError: Cannot read properties of undefined (reading 'findActiveCategories')
2025-09-11T15:51:04:     at GetCategories.execute [90m(/Users/axel/Desktop/Indoff-Promocional-Original/api/[39msrc/modules/catalog/application/services/GetCategories.ts:12:40[90m)[39m
2025-09-11T15:51:04:     at CatalogController.categories [90m(/Users/axel/Desktop/Indoff-Promocional-Original/api/[39msrc/modules/catalog/presentation/controllers/catalog.controller.ts:27:31[90m)[39m
2025-09-11T15:51:04:     at /Users/axel/Desktop/Indoff-Promocional-Original/node_modules/[4m@nestjs[24m/core/router/router-execution-context.js:38:29
2025-09-11T15:51:04:     at InterceptorsConsumer.intercept (/Users/axel/Desktop/Indoff-Promocional-Original/node_modules/[4m@nestjs[24m/core/interceptors/interceptors-consumer.js:12:20)
2025-09-11T15:51:04:     at /Users/axel/Desktop/Indoff-Promocional-Original/node_modules/[4m@nestjs[24m/core/router/router-execution-context.js:46:60
2025-09-11T15:51:04:     at /Users/axel/Desktop/Indoff-Promocional-Original/node_modules/[4m@nestjs[24m/core/router/router-proxy.js:9:23
2025-09-11T15:51:04:     at Layer.handleRequest (/Users/axel/Desktop/Indoff-Promocional-Original/node_modules/[4mrouter[24m/lib/layer.js:152:17)
2025-09-11T15:51:04:     at next (/Users/axel/Desktop/Indoff-Promocional-Original/node_modules/[4mrouter[24m/lib/route.js:157:13)
2025-09-11T15:51:04:     at Route.dispatch (/Users/axel/Desktop/Indoff-Promocional-Original/node_modules/[4mrouter[24m/lib/route.js:117:3)
2025-09-11T15:51:04:     at handle (/Users/axel/Desktop/Indoff-Promocional-Original/node_modules/[4mrouter[24m/index.js:435:11)
2025-09-11T15:51:41: [31m[Nest] 20040  - [39m11/09/2025, 15:51:41 [31m  ERROR[39m [38;5;3m[ExceptionsHandler] [39mTypeError: Cannot read properties of undefined (reading 'findActiveSubcategoriesByCategorySlug')
2025-09-11T15:51:41:     at GetSubcategoriesByCategory.execute [90m(/Users/axel/Desktop/Indoff-Promocional-Original/api/[39msrc/modules/catalog/application/services/GetSubcategories.ts:10:23[90m)[39m
2025-09-11T15:51:41:     at CatalogController.subcategories [90m(/Users/axel/Desktop/Indoff-Promocional-Original/api/[39msrc/modules/catalog/presentation/controllers/catalog.controller.ts:35:44[90m)[39m
2025-09-11T15:51:41:     at /Users/axel/Desktop/Indoff-Promocional-Original/node_modules/[4m@nestjs[24m/core/router/router-execution-context.js:38:29
2025-09-11T15:51:41: [90m    at process.processTicksAndRejections (node:internal/process/task_queues:95:5)[39m
2025-09-11T15:51:41:     at async /Users/axel/Desktop/Indoff-Promocional-Original/node_modules/[4m@nestjs[24m/core/router/router-execution-context.js:46:28
2025-09-11T15:51:41:     at async /Users/axel/Desktop/Indoff-Promocional-Original/node_modules/[4m@nestjs[24m/core/router/router-proxy.js:9:17
2025-09-11T15:52:05: [31m[Nest] 20040  - [39m11/09/2025, 15:52:05 [31m  ERROR[39m [38;5;3m[ExceptionsHandler] [39mTypeError: Cannot read properties of undefined (reading 'findActiveProductsBySubcategory')
2025-09-11T15:52:05:     at GetProductsBySubcategory.execute [90m(/Users/axel/Desktop/Indoff-Promocional-Original/api/[39msrc/modules/catalog/application/services/GetProductsBySubcategory.ts:13:38[90m)[39m
2025-09-11T15:52:05:     at CatalogController.productsBySubcategory [90m(/Users/axel/Desktop/Indoff-Promocional-Original/api/[39msrc/modules/catalog/presentation/controllers/catalog.controller.ts:44:42[90m)[39m
2025-09-11T15:52:05:     at /Users/axel/Desktop/Indoff-Promocional-Original/node_modules/[4m@nestjs[24m/core/router/router-execution-context.js:38:29
2025-09-11T15:52:05: [90m    at process.processTicksAndRejections (node:internal/process/task_queues:95:5)[39m
2025-09-11T15:52:05:     at async /Users/axel/Desktop/Indoff-Promocional-Original/node_modules/[4m@nestjs[24m/core/router/router-execution-context.js:46:28
2025-09-11T15:52:05:     at async /Users/axel/Desktop/Indoff-Promocional-Original/node_modules/[4m@nestjs[24m/core/router/router-proxy.js:9:17
2025-09-11T15:55:34: [31m[Nest] 20040  - [39m11/09/2025, 15:55:34 [31m  ERROR[39m [38;5;3m[ExceptionsHandler] [39mTypeError: Cannot read properties of undefined (reading 'findActiveCategories')
2025-09-11T15:55:34:     at GetCategories.execute [90m(/Users/axel/Desktop/Indoff-Promocional-Original/api/[39msrc/modules/catalog/application/services/GetCategories.ts:12:40[90m)[39m
2025-09-11T15:55:34:     at CatalogController.categories [90m(/Users/axel/Desktop/Indoff-Promocional-Original/api/[39msrc/modules/catalog/presentation/controllers/catalog.controller.ts:27:31[90m)[39m
2025-09-11T15:55:34:     at /Users/axel/Desktop/Indoff-Promocional-Original/node_modules/[4m@nestjs[24m/core/router/router-execution-context.js:38:29
2025-09-11T15:55:34:     at InterceptorsConsumer.intercept (/Users/axel/Desktop/Indoff-Promocional-Original/node_modules/[4m@nestjs[24m/core/interceptors/interceptors-consumer.js:12:20)
2025-09-11T15:55:34:     at /Users/axel/Desktop/Indoff-Promocional-Original/node_modules/[4m@nestjs[24m/core/router/router-execution-context.js:46:60
2025-09-11T15:55:34:     at /Users/axel/Desktop/Indoff-Promocional-Original/node_modules/[4m@nestjs[24m/core/router/router-proxy.js:9:23
2025-09-11T15:55:34:     at Layer.handleRequest (/Users/axel/Desktop/Indoff-Promocional-Original/node_modules/[4mrouter[24m/lib/layer.js:152:17)
2025-09-11T15:55:34:     at next (/Users/axel/Desktop/Indoff-Promocional-Original/node_modules/[4mrouter[24m/lib/route.js:157:13)
2025-09-11T15:55:34:     at Route.dispatch (/Users/axel/Desktop/Indoff-Promocional-Original/node_modules/[4mrouter[24m/lib/route.js:117:3)
2025-09-11T15:55:34:     at handle (/Users/axel/Desktop/Indoff-Promocional-Original/node_modules/[4mrouter[24m/index.js:435:11)
2025-09-11T16:09:05: [31m[Nest] 21417  - [39m11/09/2025, 16:09:05 [31m  ERROR[39m [38;5;3m[ExceptionsHandler] [39mTypeError: Cannot read properties of undefined (reading 'findActiveSubcategoriesByCategorySlug')
2025-09-11T16:09:05:     at GetSubcategoriesByCategory.execute [90m(/Users/axel/Desktop/Indoff-Promocional-Original/api/[39msrc/modules/catalog/application/services/GetSubcategories.ts:10:23[90m)[39m
2025-09-11T16:09:05:     at CatalogController.subcategories [90m(/Users/axel/Desktop/Indoff-Promocional-Original/api/[39msrc/modules/catalog/presentation/controllers/catalog.controller.ts:35:44[90m)[39m
2025-09-11T16:09:05:     at /Users/axel/Desktop/Indoff-Promocional-Original/node_modules/[4m@nestjs[24m/core/router/router-execution-context.js:38:29
2025-09-11T16:09:05: [90m    at process.processTicksAndRejections (node:internal/process/task_queues:95:5)[39m
2025-09-11T16:09:05:     at async /Users/axel/Desktop/Indoff-Promocional-Original/node_modules/[4m@nestjs[24m/core/router/router-execution-context.js:46:28
2025-09-11T16:09:05:     at async /Users/axel/Desktop/Indoff-Promocional-Original/node_modules/[4m@nestjs[24m/core/router/router-proxy.js:9:17
2025-09-11T16:09:06: [31m[Nest] 21417  - [39m11/09/2025, 16:09:06 [31m  ERROR[39m [38;5;3m[ExceptionsHandler] [39mTypeError: Cannot read properties of undefined (reading 'findActiveSubcategoriesByCategorySlug')
2025-09-11T16:09:06:     at GetSubcategoriesByCategory.execute [90m(/Users/axel/Desktop/Indoff-Promocional-Original/api/[39msrc/modules/catalog/application/services/GetSubcategories.ts:10:23[90m)[39m
2025-09-11T16:09:06:     at CatalogController.subcategories [90m(/Users/axel/Desktop/Indoff-Promocional-Original/api/[39msrc/modules/catalog/presentation/controllers/catalog.controller.ts:35:44[90m)[39m
2025-09-11T16:09:06:     at /Users/axel/Desktop/Indoff-Promocional-Original/node_modules/[4m@nestjs[24m/core/router/router-execution-context.js:38:29
2025-09-11T16:09:06: [90m    at process.processTicksAndRejections (node:internal/process/task_queues:95:5)[39m
2025-09-11T16:09:06:     at async /Users/axel/Desktop/Indoff-Promocional-Original/node_modules/[4m@nestjs[24m/core/router/router-execution-context.js:46:28
2025-09-11T16:09:06:     at async /Users/axel/Desktop/Indoff-Promocional-Original/node_modules/[4m@nestjs[24m/core/router/router-proxy.js:9:17
2025-09-11T16:09:06: [31m[Nest] 21417  - [39m11/09/2025, 16:09:06 [31m  ERROR[39m [38;5;3m[ExceptionsHandler] [39mTypeError: Cannot read properties of undefined (reading 'findActiveSubcategoriesByCategorySlug')
2025-09-11T16:09:06:     at GetSubcategoriesByCategory.execute [90m(/Users/axel/Desktop/Indoff-Promocional-Original/api/[39msrc/modules/catalog/application/services/GetSubcategories.ts:10:23[90m)[39m
2025-09-11T16:09:06:     at CatalogController.subcategories [90m(/Users/axel/Desktop/Indoff-Promocional-Original/api/[39msrc/modules/catalog/presentation/controllers/catalog.controller.ts:35:44[90m)[39m
2025-09-11T16:09:06:     at /Users/axel/Desktop/Indoff-Promocional-Original/node_modules/[4m@nestjs[24m/core/router/router-execution-context.js:38:29
2025-09-11T16:09:06: [90m    at process.processTicksAndRejections (node:internal/process/task_queues:95:5)[39m
2025-09-11T16:09:06:     at async /Users/axel/Desktop/Indoff-Promocional-Original/node_modules/[4m@nestjs[24m/core/router/router-execution-context.js:46:28
2025-09-11T16:09:06:     at async /Users/axel/Desktop/Indoff-Promocional-Original/node_modules/[4m@nestjs[24m/core/router/router-proxy.js:9:17
2025-09-12T06:57:20: [31m[Nest] 24133  - [39m12/09/2025, 6:57:20 [31m  ERROR[39m [38;5;3m[ExceptionsHandler] [39mTypeError: Cannot read properties of undefined (reading 'findActiveProductsBySubcategory')
2025-09-12T06:57:20:     at GetProductsBySubcategory.execute [90m(/Users/axel/Desktop/Indoff-Promocional-Original/api/[39msrc/modules/catalog/application/services/GetProductsBySubcategory.ts:13:38[90m)[39m
2025-09-12T06:57:20:     at CatalogController.productsBySubcategory [90m(/Users/axel/Desktop/Indoff-Promocional-Original/api/[39msrc/modules/catalog/presentation/controllers/catalog.controller.ts:44:42[90m)[39m
2025-09-12T06:57:20:     at /Users/axel/Desktop/Indoff-Promocional-Original/node_modules/[4m@nestjs[24m/core/router/router-execution-context.js:38:29
2025-09-12T06:57:20: [90m    at process.processTicksAndRejections (node:internal/process/task_queues:95:5)[39m
2025-09-12T06:57:20:     at async /Users/axel/Desktop/Indoff-Promocional-Original/node_modules/[4m@nestjs[24m/core/router/router-execution-context.js:46:28
2025-09-12T06:57:20:     at async /Users/axel/Desktop/Indoff-Promocional-Original/node_modules/[4m@nestjs[24m/core/router/router-proxy.js:9:17
2025-09-12T06:57:20: [31m[Nest] 24133  - [39m12/09/2025, 6:57:20 [31m  ERROR[39m [38;5;3m[ExceptionsHandler] [39mTypeError: Cannot read properties of undefined (reading 'findActiveProductsBySubcategory')
2025-09-12T06:57:20:     at GetProductsBySubcategory.execute [90m(/Users/axel/Desktop/Indoff-Promocional-Original/api/[39msrc/modules/catalog/application/services/GetProductsBySubcategory.ts:13:38[90m)[39m
2025-09-12T06:57:20:     at CatalogController.productsBySubcategory [90m(/Users/axel/Desktop/Indoff-Promocional-Original/api/[39msrc/modules/catalog/presentation/controllers/catalog.controller.ts:44:42[90m)[39m
2025-09-12T06:57:20:     at /Users/axel/Desktop/Indoff-Promocional-Original/node_modules/[4m@nestjs[24m/core/router/router-execution-context.js:38:29
2025-09-12T06:57:20: [90m    at process.processTicksAndRejections (node:internal/process/task_queues:95:5)[39m
2025-09-12T06:57:20:     at async /Users/axel/Desktop/Indoff-Promocional-Original/node_modules/[4m@nestjs[24m/core/router/router-execution-context.js:46:28
2025-09-12T06:57:20:     at async /Users/axel/Desktop/Indoff-Promocional-Original/node_modules/[4m@nestjs[24m/core/router/router-proxy.js:9:17
2025-09-12T06:57:20: [31m[Nest] 24133  - [39m12/09/2025, 6:57:20 [31m  ERROR[39m [38;5;3m[ExceptionsHandler] [39mTypeError: Cannot read properties of undefined (reading 'findActiveProductsBySubcategory')
2025-09-12T06:57:20:     at GetProductsBySubcategory.execute [90m(/Users/axel/Desktop/Indoff-Promocional-Original/api/[39msrc/modules/catalog/application/services/GetProductsBySubcategory.ts:13:38[90m)[39m
2025-09-12T06:57:20:     at CatalogController.productsBySubcategory [90m(/Users/axel/Desktop/Indoff-Promocional-Original/api/[39msrc/modules/catalog/presentation/controllers/catalog.controller.ts:44:42[90m)[39m
2025-09-12T06:57:20:     at /Users/axel/Desktop/Indoff-Promocional-Original/node_modules/[4m@nestjs[24m/core/router/router-execution-context.js:38:29
2025-09-12T06:57:20: [90m    at process.processTicksAndRejections (node:internal/process/task_queues:95:5)[39m
2025-09-12T06:57:20:     at async /Users/axel/Desktop/Indoff-Promocional-Original/node_modules/[4m@nestjs[24m/core/router/router-execution-context.js:46:28
2025-09-12T06:57:20:     at async /Users/axel/Desktop/Indoff-Promocional-Original/node_modules/[4m@nestjs[24m/core/router/router-proxy.js:9:17
2025-09-12T09:47:56: [31m[Nest] 31319  - [39m12/09/2025, 9:47:56 [31m  ERROR[39m [38;5;3m[ExceptionHandler] [39mUnknownDependenciesException [Error]: Nest can't resolve dependencies of the GetProductDetail (?). Please make sure that the argument Object at index [0] is available in the CatalogModule context.
2025-09-12T09:47:56: 
2025-09-12T09:47:56: Potential solutions:
2025-09-12T09:47:56: - Is CatalogModule a valid NestJS module?
2025-09-12T09:47:56: - If Object is a provider, is it part of the current CatalogModule?
2025-09-12T09:47:56: - If Object is exported from a separate @Module, is that module imported within CatalogModule?
2025-09-12T09:47:56:   @Module({
2025-09-12T09:47:56:     imports: [ /* the Module containing Object */ ]
2025-09-12T09:47:56:   })
2025-09-12T09:47:56: 
2025-09-12T09:47:56:     at Injector.lookupComponentInParentModules (/Users/axel/Desktop/Indoff-Promocional-Original/node_modules/[4m@nestjs[24m/core/injector/injector.js:286:19)
2025-09-12T09:47:56:     at async resolveParam (/Users/axel/Desktop/Indoff-Promocional-Original/node_modules/[4m@nestjs[24m/core/injector/injector.js:141:38)
2025-09-12T09:47:56:     at async Promise.all (index 0)
2025-09-12T09:47:56:     at async Injector.resolveConstructorParams (/Users/axel/Desktop/Indoff-Promocional-Original/node_modules/[4m@nestjs[24m/core/injector/injector.js:169:27)
2025-09-12T09:47:56:     at async Injector.loadInstance (/Users/axel/Desktop/Indoff-Promocional-Original/node_modules/[4m@nestjs[24m/core/injector/injector.js:75:13)
2025-09-12T09:47:56:     at async Injector.loadProvider (/Users/axel/Desktop/Indoff-Promocional-Original/node_modules/[4m@nestjs[24m/core/injector/injector.js:103:9)
2025-09-12T09:47:56:     at async /Users/axel/Desktop/Indoff-Promocional-Original/node_modules/[4m@nestjs[24m/core/injector/instance-loader.js:56:13
2025-09-12T09:47:56:     at async Promise.all (index 7)
2025-09-12T09:47:56:     at async InstanceLoader.createInstancesOfProviders (/Users/axel/Desktop/Indoff-Promocional-Original/node_modules/[4m@nestjs[24m/core/injector/instance-loader.js:55:9)
2025-09-12T09:47:56:     at async /Users/axel/Desktop/Indoff-Promocional-Original/node_modules/[4m@nestjs[24m/core/injector/instance-loader.js:40:13 {
2025-09-12T09:47:56:   type: [32m'GetProductDetail'[39m,
2025-09-12T09:47:56:   context: {
2025-09-12T09:47:56:     index: [33m0[39m,
2025-09-12T09:47:56:     dependencies: [
2025-09-12T09:47:56:       [36m[Function: Object][39m
2025-09-12T09:47:56:     ],
2025-09-12T09:47:56:     name: [36m[Function: Object][39m
2025-09-12T09:47:56:   },
2025-09-12T09:47:56:   metadata: {
2025-09-12T09:47:56:     id: [32m'aed3f45e7b9c55fb4fdf5'[39m
2025-09-12T09:47:56:   },
2025-09-12T09:47:56:   moduleRef: {
2025-09-12T09:47:56:     id: [32m'05f379d74a7e7213213ae'[39m
2025-09-12T09:47:56:   }
2025-09-12T09:47:56: }
2025-09-12T09:48:06: [31m[Nest] 31325  - [39m12/09/2025, 9:48:06 [31m  ERROR[39m [38;5;3m[ExceptionHandler] [39mUnknownDependenciesException [Error]: Nest can't resolve dependencies of the GetProductDetail (?). Please make sure that the argument Object at index [0] is available in the CatalogModule context.
2025-09-12T09:48:06: 
2025-09-12T09:48:06: Potential solutions:
2025-09-12T09:48:06: - Is CatalogModule a valid NestJS module?
2025-09-12T09:48:06: - If Object is a provider, is it part of the current CatalogModule?
2025-09-12T09:48:06: - If Object is exported from a separate @Module, is that module imported within CatalogModule?
2025-09-12T09:48:06:   @Module({
2025-09-12T09:48:06:     imports: [ /* the Module containing Object */ ]
2025-09-12T09:48:06:   })
2025-09-12T09:48:06: 
2025-09-12T09:48:06:     at Injector.lookupComponentInParentModules (/Users/axel/Desktop/Indoff-Promocional-Original/node_modules/[4m@nestjs[24m/core/injector/injector.js:286:19)
2025-09-12T09:48:06:     at async resolveParam (/Users/axel/Desktop/Indoff-Promocional-Original/node_modules/[4m@nestjs[24m/core/injector/injector.js:141:38)
2025-09-12T09:48:06:     at async Promise.all (index 0)
2025-09-12T09:48:06:     at async Injector.resolveConstructorParams (/Users/axel/Desktop/Indoff-Promocional-Original/node_modules/[4m@nestjs[24m/core/injector/injector.js:169:27)
2025-09-12T09:48:06:     at async Injector.loadInstance (/Users/axel/Desktop/Indoff-Promocional-Original/node_modules/[4m@nestjs[24m/core/injector/injector.js:75:13)
2025-09-12T09:48:06:     at async Injector.loadProvider (/Users/axel/Desktop/Indoff-Promocional-Original/node_modules/[4m@nestjs[24m/core/injector/injector.js:103:9)
2025-09-12T09:48:06:     at async /Users/axel/Desktop/Indoff-Promocional-Original/node_modules/[4m@nestjs[24m/core/injector/instance-loader.js:56:13
2025-09-12T09:48:06:     at async Promise.all (index 7)
2025-09-12T09:48:06:     at async InstanceLoader.createInstancesOfProviders (/Users/axel/Desktop/Indoff-Promocional-Original/node_modules/[4m@nestjs[24m/core/injector/instance-loader.js:55:9)
2025-09-12T09:48:06:     at async /Users/axel/Desktop/Indoff-Promocional-Original/node_modules/[4m@nestjs[24m/core/injector/instance-loader.js:40:13 {
2025-09-12T09:48:06:   type: [32m'GetProductDetail'[39m,
2025-09-12T09:48:06:   context: {
2025-09-12T09:48:06:     index: [33m0[39m,
2025-09-12T09:48:06:     dependencies: [
2025-09-12T09:48:06:       [36m[Function: Object][39m
2025-09-12T09:48:06:     ],
2025-09-12T09:48:06:     name: [36m[Function: Object][39m
2025-09-12T09:48:06:   },
2025-09-12T09:48:06:   metadata: {
2025-09-12T09:48:06:     id: [32m'4161fb7e99ab59cadc3ba'[39m
2025-09-12T09:48:06:   },
2025-09-12T09:48:06:   moduleRef: {
2025-09-12T09:48:06:     id: [32m'673471d1246d3e79c0141'[39m
2025-09-12T09:48:06:   }
2025-09-12T09:48:06: }
