2025-09-09T09:53:38: 
2025-09-09T09:53:38: > api@0.0.1 start:dev
2025-09-09T09:53:38: > nest start --watch
2025-09-09T09:53:38: 
2025-09-09T09:53:39: [2J[3J[H
2025-09-09T09:53:39: [[90m9:53:39[0m] Starting compilation in watch mode...
2025-09-09T09:53:39: 
2025-09-09T09:53:42: [[90m9:53:42[0m] Found 0 errors. Watching for file changes.
2025-09-09T09:53:42: 
2025-09-09T09:53:43: [32m[Nest] 25345  - [39m09/09/2025, 9:53:43 [32m    LOG[39m [38;5;3m[NestFactory] [39m[32mStarting Nest application...[39m
2025-09-09T09:53:43: [32m[Nest] 25345  - [39m09/09/2025, 9:53:43 [32m    LOG[39m [38;5;3m[InstanceLoader] [39m[32mAppModule dependencies initialized[39m[38;5;3m +17ms[39m
2025-09-09T09:53:43: [32m[Nest] 25345  - [39m09/09/2025, 9:53:43 [32m    LOG[39m [38;5;3m[InstanceLoader] [39m[32mPrismaModule dependencies initialized[39m[38;5;3m +13ms[39m
2025-09-09T09:53:43: [32m[Nest] 25345  - [39m09/09/2025, 9:53:43 [32m    LOG[39m [38;5;3m[InstanceLoader] [39m[32mConfigHostModule dependencies initialized[39m[38;5;3m +26ms[39m
2025-09-09T09:53:43: [32m[Nest] 25345  - [39m09/09/2025, 9:53:43 [32m    LOG[39m [38;5;3m[InstanceLoader] [39m[32mCookiesModule dependencies initialized[39m[38;5;3m +0ms[39m
2025-09-09T09:53:43: [32m[Nest] 25345  - [39m09/09/2025, 9:53:43 [32m    LOG[39m [38;5;3m[InstanceLoader] [39m[32mConfigModule dependencies initialized[39m[38;5;3m +0ms[39m
2025-09-09T09:53:43: [32m[Nest] 25345  - [39m09/09/2025, 9:53:43 [32m    LOG[39m [38;5;3m[InstanceLoader] [39m[32mCatalogModule dependencies initialized[39m[38;5;3m +0ms[39m
2025-09-09T09:53:43: [32m[Nest] 25345  - [39m09/09/2025, 9:53:43 [32m    LOG[39m [38;5;3m[RoutesResolver] [39m[32mCatalogController {/catalog}:[39m[38;5;3m +5ms[39m
2025-09-09T09:53:43: [32m[Nest] 25345  - [39m09/09/2025, 9:53:43 [32m    LOG[39m [38;5;3m[RouterExplorer] [39m[32mMapped {/catalog/categories, GET} route[39m[38;5;3m +3ms[39m
2025-09-09T09:53:43: [32m[Nest] 25345  - [39m09/09/2025, 9:53:43 [32m    LOG[39m [38;5;3m[RouterExplorer] [39m[32mMapped {/catalog/categories/:categorySlug/subcategories, GET} route[39m[38;5;3m +3ms[39m
2025-09-09T09:53:43: [32m[Nest] 25345  - [39m09/09/2025, 9:53:43 [32m    LOG[39m [38;5;3m[RouterExplorer] [39m[32mMapped {/catalog/categories/:categorySlug/subcategories/:subcategorySlug/products, GET} route[39m[38;5;3m +2ms[39m
2025-09-09T09:53:43: [32m[Nest] 25345  - [39m09/09/2025, 9:53:43 [32m    LOG[39m [38;5;3m[RouterExplorer] [39m[32mMapped {/catalog/products/:productSlug, GET} route[39m[38;5;3m +1ms[39m
2025-09-09T09:53:43: [32m[Nest] 25345  - [39m09/09/2025, 9:53:43 [32m    LOG[39m [38;5;3m[RoutesResolver] [39m[32mCookiesController {/cookies}:[39m[38;5;3m +0ms[39m
2025-09-09T09:53:43: [32m[Nest] 25345  - [39m09/09/2025, 9:53:43 [32m    LOG[39m [38;5;3m[RouterExplorer] [39m[32mMapped {/cookies/set, GET} route[39m[38;5;3m +2ms[39m
2025-09-09T09:53:43: [32m[Nest] 25345  - [39m09/09/2025, 9:53:43 [32m    LOG[39m [38;5;3m[RouterExplorer] [39m[32mMapped {/cookies/read, GET} route[39m[38;5;3m +2ms[39m
2025-09-09T09:53:43: [32m[Nest] 25345  - [39m09/09/2025, 9:53:43 [32m    LOG[39m [38;5;3m[RouterExplorer] [39m[32mMapped {/cookies/clear, GET} route[39m[38;5;3m +0ms[39m
2025-09-09T09:53:47: [32m[Nest] 25345  - [39m09/09/2025, 9:53:47 [32m    LOG[39m [38;5;3m[NestApplication] [39m[32mNest application successfully started[39m[38;5;3m +3702ms[39m
2025-09-09T11:08:09: 
2025-09-09T11:08:09: > api@0.0.1 start:dev
2025-09-09T11:08:09: > nest start --watch
2025-09-09T11:08:09: 
2025-09-09T11:08:10: [2J[3J[H
2025-09-09T11:08:10: [[90m11:08:10[0m] Starting compilation in watch mode...
2025-09-09T11:08:10: 
2025-09-09T11:08:13: [[90m11:08:13[0m] Found 0 errors. Watching for file changes.
2025-09-09T11:08:13: 
2025-09-09T11:08:14: [32m[Nest] 34018  - [39m09/09/2025, 11:08:14 [32m    LOG[39m [38;5;3m[NestFactory] [39m[32mStarting Nest application...[39m
2025-09-09T11:08:14: [32m[Nest] 34018  - [39m09/09/2025, 11:08:14 [32m    LOG[39m [38;5;3m[InstanceLoader] [39m[32mAppModule dependencies initialized[39m[38;5;3m +17ms[39m
2025-09-09T11:08:14: [32m[Nest] 34018  - [39m09/09/2025, 11:08:14 [32m    LOG[39m [38;5;3m[InstanceLoader] [39m[32mPrismaModule dependencies initialized[39m[38;5;3m +13ms[39m
2025-09-09T11:08:14: [32m[Nest] 34018  - [39m09/09/2025, 11:08:14 [32m    LOG[39m [38;5;3m[InstanceLoader] [39m[32mConfigHostModule dependencies initialized[39m[38;5;3m +27ms[39m
2025-09-09T11:08:14: [32m[Nest] 34018  - [39m09/09/2025, 11:08:14 [32m    LOG[39m [38;5;3m[InstanceLoader] [39m[32mCookiesModule dependencies initialized[39m[38;5;3m +0ms[39m
2025-09-09T11:08:14: [32m[Nest] 34018  - [39m09/09/2025, 11:08:14 [32m    LOG[39m [38;5;3m[InstanceLoader] [39m[32mConfigModule dependencies initialized[39m[38;5;3m +0ms[39m
2025-09-09T11:08:14: [32m[Nest] 34018  - [39m09/09/2025, 11:08:14 [32m    LOG[39m [38;5;3m[InstanceLoader] [39m[32mCatalogModule dependencies initialized[39m[38;5;3m +0ms[39m
2025-09-09T11:08:14: [32m[Nest] 34018  - [39m09/09/2025, 11:08:14 [32m    LOG[39m [38;5;3m[RoutesResolver] [39m[32mCatalogController {/catalog}:[39m[38;5;3m +4ms[39m
2025-09-09T11:08:14: [32m[Nest] 34018  - [39m09/09/2025, 11:08:14 [32m    LOG[39m [38;5;3m[RouterExplorer] [39m[32mMapped {/catalog/categories, GET} route[39m[38;5;3m +3ms[39m
2025-09-09T11:08:14: [32m[Nest] 34018  - [39m09/09/2025, 11:08:14 [32m    LOG[39m [38;5;3m[RouterExplorer] [39m[32mMapped {/catalog/categories/:categorySlug/subcategories, GET} route[39m[38;5;3m +2ms[39m
2025-09-09T11:08:14: [32m[Nest] 34018  - [39m09/09/2025, 11:08:14 [32m    LOG[39m [38;5;3m[RouterExplorer] [39m[32mMapped {/catalog/categories/:categorySlug/subcategories/:subcategorySlug/products, GET} route[39m[38;5;3m +2ms[39m
2025-09-09T11:08:14: [32m[Nest] 34018  - [39m09/09/2025, 11:08:14 [32m    LOG[39m [38;5;3m[RouterExplorer] [39m[32mMapped {/catalog/products/:productSlug, GET} route[39m[38;5;3m +1ms[39m
2025-09-09T11:08:14: [32m[Nest] 34018  - [39m09/09/2025, 11:08:14 [32m    LOG[39m [38;5;3m[RoutesResolver] [39m[32mCookiesController {/cookies}:[39m[38;5;3m +1ms[39m
2025-09-09T11:08:14: [32m[Nest] 34018  - [39m09/09/2025, 11:08:14 [32m    LOG[39m [38;5;3m[RouterExplorer] [39m[32mMapped {/cookies/set, GET} route[39m[38;5;3m +1ms[39m
2025-09-09T11:08:14: [32m[Nest] 34018  - [39m09/09/2025, 11:08:14 [32m    LOG[39m [38;5;3m[RouterExplorer] [39m[32mMapped {/cookies/read, GET} route[39m[38;5;3m +1ms[39m
2025-09-09T11:08:14: [32m[Nest] 34018  - [39m09/09/2025, 11:08:14 [32m    LOG[39m [38;5;3m[RouterExplorer] [39m[32mMapped {/cookies/clear, GET} route[39m[38;5;3m +1ms[39m
2025-09-09T11:08:14: [32m[Nest] 34018  - [39m09/09/2025, 11:08:14 [32m    LOG[39m [38;5;3m[NestApplication] [39m[32mNest application successfully started[39m[38;5;3m +52ms[39m
